<?xml version="1.0" encoding="UTF-8"?>
<!-- Generated by org.testng.reporters.JUnitReportReporter -->
<testsuite hostname="DESKTOP-I62NE16" failures="0" tests="2" name="runner.TestNGRunner" time="1.351" errors="0" timestamp="2025-08-21T16:04:47 IST" skipped="0">
  <testcase classname="runner.TestNGRunner" name="runScenario" time="0.013"/>
  <testcase classname="runner.TestNGRunner" name="runScenario" time="1.338"/>
</testsuite> <!-- runner.TestNGRunner -->
