<?xml version="1.0" encoding="UTF-8"?>
<!-- Generated by org.testng.reporters.JUnitReportReporter -->
<testsuite hostname="DESKTOP-I62NE16" failures="0" tests="3" name="runner.TestNGRunner" time="0.591" errors="0" timestamp="2025-08-21T09:56:02 IST" skipped="0">
  <testcase classname="runner.TestNGRunner" name="runScenario" time="0.009"/>
  <testcase classname="runner.TestNGRunner" name="runScenario" time="0.026"/>
  <testcase classname="runner.TestNGRunner" name="runScenario" time="0.556"/>
</testsuite> <!-- runner.TestNGRunner -->
